<?xml version="1.0" encoding="UTF-8"?>
<testng-results ignored="0" total="1" passed="1" failed="0" skipped="0">
  <reporter-output>
  </reporter-output>
  <suite started-at="2022-02-19T17:59:51 EST" name="Suite" finished-at="2022-02-19T17:59:54 EST" duration-ms="3559">
    <groups>
    </groups>
    <test started-at="2022-02-19T17:59:51 EST" name="Test" finished-at="2022-02-19T17:59:54 EST" duration-ms="3559">
      <class name="com.banking.testCases.TC_LoginTest_001">
        <test-method is-config="true" signature="setup(java.lang.String)[pri:0, instance:com.banking.testCases.TC_LoginTest_001@50a7bc6e]" started-at="2022-02-19T17:59:51 EST" name="setup" finished-at="2022-02-19T17:59:53 EST" duration-ms="2479" status="PASS">
          <params>
            <param index="0">
              <value>
                <![CDATA[chrome]]>
              </value>
            </param>
          </params>
          <reporter-output>
          </reporter-output>
        </test-method> <!-- setup -->
        <test-method signature="LoginTest()[pri:0, instance:com.banking.testCases.TC_LoginTest_001@50a7bc6e]" started-at="2022-02-19T17:59:53 EST" name="LoginTest" finished-at="2022-02-19T17:59:54 EST" duration-ms="790" status="PASS">
          <reporter-output>
          </reporter-output>
        </test-method> <!-- LoginTest -->
        <test-method is-config="true" signature="tearDown()[pri:0, instance:com.banking.testCases.TC_LoginTest_001@50a7bc6e]" started-at="2022-02-19T17:59:54 EST" name="tearDown" finished-at="2022-02-19T17:59:54 EST" duration-ms="169" status="PASS">
          <reporter-output>
          </reporter-output>
        </test-method> <!-- tearDown -->
      </class> <!-- com.banking.testCases.TC_LoginTest_001 -->
    </test> <!-- Test -->
  </suite> <!-- Suite -->
</testng-results>
