<?xml version="1.0" encoding="UTF-8"?>
<testsuite xmlns:xsi="http://www.w3.org/2001/XMLSchema-instance" xsi:noNamespaceSchemaLocation="https://maven.apache.org/surefire/maven-surefire-plugin/xsd/surefire-test-report-3.0.xsd" version="3.0" name="TestSuite" time="4.17" tests="1" errors="0" skipped="0" failures="0">
  <properties>
[...]
</properties>
  <testcase name="LoginTest" classname="com.banking.testCases.TC_LoginTest_001" time="0.788">
    <system-out><![CDATA[02-19-2022 17:59:53 TC_LoginTest_001.java INFO  [main] testCases.BaseClass 16 - url is opened
02-19-2022 17:59:53 TC_LoginTest_001.java DEBUG [main] testCases.BaseClass 19 - username entered
02-19-2022 17:59:54 TC_LoginTest_001.java INFO  [main] testCases.BaseClass 21 - entered passeord
userdir = C:\Users\laksh\eclipse-workspace\BankingFrameWork
02-19-2022 17:59:54 TC_LoginTest_001.java INFO  [main] testCases.BaseClass 30 - login test passed
]]></system-out>
    <system-err><![CDATA[log4j:ERROR Could not find value for key log4j.appender.CONSOLE
log4j:ERROR Could not instantiate appender named "CONSOLE".
Starting ChromeDriver 98.0.4758.80 (7f0488e8ba0d8e019187c6325a16c29d9b7f4989-refs/branch-heads/4758@{#972}) on port 21156
Only local connections are allowed.
Please see https://chromedriver.chromium.org/security-considerations for suggestions on keeping ChromeDriver safe.
ChromeDriver was started successfully.
Feb 19, 2022 5:59:52 PM org.openqa.selenium.remote.ProtocolHandshake createSession
INFO: Detected dialect: W3C
]]></system-err>
  </testcase>
</testsuite>